<?xml version="1.0" encoding="UTF-8"?>
<!-- Generated by org.testng.reporters.JUnitReportReporter -->
<testsuite hostname="30001205306L" failures="0" tests="1" name="apiTest.GetProject" time="2.732" errors="0" timestamp="2020-08-07T13:58:55 CDT" skipped="0">
  <testcase classname="apiTest.GetProject" name="getProject" time="2.732"/>
</testsuite> <!-- apiTest.GetProject -->
